running bdist_deb
running sdist_dsc
CALLING dpkg-source -b cubetimer-1.0.0 (in dir deb_dist)
dpkg-source: Information: Quellformat »3.0 (quilt)« wird verwendet
dpkg-source: Information: cubetimer wird unter Benutzung des existierenden ./cubetimer_1.0.0.orig.tar.gz gebaut
dpkg-source: Information: cubetimer wird in cubetimer_1.0.0-1.debian.tar.gz gebaut
dpkg-source: Information: cubetimer wird in cubetimer_1.0.0-1.dsc gebaut
dpkg-source: Warnung: unsigniertes Quellpaket wird extrahiert (cubetimer_1.0.0-1.dsc)
dpkg-source: Information: cubetimer wird nach cubetimer-1.0.0 extrahiert
dpkg-source: Information: cubetimer_1.0.0.orig.tar.gz wird entpackt
dpkg-source: Information: cubetimer_1.0.0-1.debian.tar.gz wird entpackt
dpkg-buildpackage: exportieren von CFLAGS aus dpkg-buildflags (Quelle: vendor): -g -O2
dpkg-buildpackage: exportieren von CPPFLAGS aus dpkg-buildflags (Quelle: vendor): 
dpkg-buildpackage: exportieren von CXXFLAGS aus dpkg-buildflags (Quelle: vendor): -g -O2
dpkg-buildpackage: exportieren von FFLAGS aus dpkg-buildflags (Quelle: vendor): -g -O2
dpkg-buildpackage: exportieren von LDFLAGS aus dpkg-buildflags (Quelle: vendor): -Wl,-Bsymbolic-functions
dpkg-buildpackage: Quellpaket cubetimer
dpkg-buildpackage: Quellversion 1.0.0-1
dpkg-buildpackage: Quellen geändert durch Gabriel Boehme <m.gabrielboehme@googlemail.com>
 dpkg-source --before-build cubetimer-1.0.0
dpkg-buildpackage: Host-Architektur amd64
 fakeroot debian/rules clean
dh clean --with python2 --buildsystem=python_distutils
   dh_testdir -O--buildsystem=python_distutils
   dh_auto_clean -O--buildsystem=python_distutils
running clean
'build/lib.linux-x86_64-2.6' does not exist -- can't clean it
'build/bdist.linux-x86_64' does not exist -- can't clean it
'build/scripts-2.6' does not exist -- can't clean it
   dh_clean -O--buildsystem=python_distutils
 debian/rules build
dh build --with python2 --buildsystem=python_distutils
   dh_testdir -O--buildsystem=python_distutils
   dh_auto_configure -O--buildsystem=python_distutils
   dh_auto_build -O--buildsystem=python_distutils
running build
running build_scripts
creating build
creating build/scripts-2.6
copying and adjusting cubetimer -> build/scripts-2.6
changing mode of build/scripts-2.6/cubetimer from 664 to 775
   dh_auto_test -O--buildsystem=python_distutils
 fakeroot debian/rules binary
dh binary --with python2 --buildsystem=python_distutils
   dh_testroot -O--buildsystem=python_distutils
   dh_prep -O--buildsystem=python_distutils
   dh_installdirs -O--buildsystem=python_distutils
   dh_auto_install -O--buildsystem=python_distutils
running install
running build
running build_scripts
running install_scripts
creating /home/gabriel/Python/Eigene/CubeTimer/Harmattan Version/deb/cubetimer/deb_dist/cubetimer-1.0.0/debian/cubetimer/usr
creating /home/gabriel/Python/Eigene/CubeTimer/Harmattan Version/deb/cubetimer/deb_dist/cubetimer-1.0.0/debian/cubetimer/usr/bin
copying build/scripts-2.6/cubetimer -> /home/gabriel/Python/Eigene/CubeTimer/Harmattan Version/deb/cubetimer/deb_dist/cubetimer-1.0.0/debian/cubetimer/usr/bin
changing mode of /home/gabriel/Python/Eigene/CubeTimer/Harmattan Version/deb/cubetimer/deb_dist/cubetimer-1.0.0/debian/cubetimer/usr/bin/cubetimer to 775
running install_data
creating /home/gabriel/Python/Eigene/CubeTimer/Harmattan Version/deb/cubetimer/deb_dist/cubetimer-1.0.0/debian/cubetimer/usr/share
creating /home/gabriel/Python/Eigene/CubeTimer/Harmattan Version/deb/cubetimer/deb_dist/cubetimer-1.0.0/debian/cubetimer/usr/share/applications
copying cubetimer.desktop -> /home/gabriel/Python/Eigene/CubeTimer/Harmattan Version/deb/cubetimer/deb_dist/cubetimer-1.0.0/debian/cubetimer/usr/share/applications
creating /home/gabriel/Python/Eigene/CubeTimer/Harmattan Version/deb/cubetimer/deb_dist/cubetimer-1.0.0/debian/cubetimer/usr/share/icons
creating /home/gabriel/Python/Eigene/CubeTimer/Harmattan Version/deb/cubetimer/deb_dist/cubetimer-1.0.0/debian/cubetimer/usr/share/icons/hicolor
creating /home/gabriel/Python/Eigene/CubeTimer/Harmattan Version/deb/cubetimer/deb_dist/cubetimer-1.0.0/debian/cubetimer/usr/share/icons/hicolor/64x64
creating /home/gabriel/Python/Eigene/CubeTimer/Harmattan Version/deb/cubetimer/deb_dist/cubetimer-1.0.0/debian/cubetimer/usr/share/icons/hicolor/64x64/apps
copying cubetimer.png -> /home/gabriel/Python/Eigene/CubeTimer/Harmattan Version/deb/cubetimer/deb_dist/cubetimer-1.0.0/debian/cubetimer/usr/share/icons/hicolor/64x64/apps
creating /home/gabriel/Python/Eigene/CubeTimer/Harmattan Version/deb/cubetimer/deb_dist/cubetimer-1.0.0/debian/cubetimer/usr/share/cubetimer
creating /home/gabriel/Python/Eigene/CubeTimer/Harmattan Version/deb/cubetimer/deb_dist/cubetimer-1.0.0/debian/cubetimer/usr/share/cubetimer/qml
copying qml/SettingsPage.qml -> /home/gabriel/Python/Eigene/CubeTimer/Harmattan Version/deb/cubetimer/deb_dist/cubetimer-1.0.0/debian/cubetimer/usr/share/cubetimer/qml
copying qml/MainPage.qml -> /home/gabriel/Python/Eigene/CubeTimer/Harmattan Version/deb/cubetimer/deb_dist/cubetimer-1.0.0/debian/cubetimer/usr/share/cubetimer/qml
copying qml/main.qml -> /home/gabriel/Python/Eigene/CubeTimer/Harmattan Version/deb/cubetimer/deb_dist/cubetimer-1.0.0/debian/cubetimer/usr/share/cubetimer/qml
running install_egg_info
Creating /home/gabriel/Python/Eigene/CubeTimer/Harmattan Version/deb/cubetimer/deb_dist/cubetimer-1.0.0/debian/cubetimer/usr/lib/python2.6/dist-packages/
Writing /home/gabriel/Python/Eigene/CubeTimer/Harmattan Version/deb/cubetimer/deb_dist/cubetimer-1.0.0/debian/cubetimer/usr/lib/python2.6/dist-packages/cubetimer-1.0.0.egg-info
   dh_install -O--buildsystem=python_distutils
   dh_installdocs -O--buildsystem=python_distutils
   dh_installchangelogs -O--buildsystem=python_distutils
   dh_installexamples -O--buildsystem=python_distutils
   dh_installman -O--buildsystem=python_distutils
   dh_installcatalogs -O--buildsystem=python_distutils
   dh_installcron -O--buildsystem=python_distutils
   dh_installdebconf -O--buildsystem=python_distutils
   dh_installemacsen -O--buildsystem=python_distutils
   dh_installifupdown -O--buildsystem=python_distutils
   dh_installinfo -O--buildsystem=python_distutils
   dh_installinit -O--buildsystem=python_distutils
   dh_installmenu -O--buildsystem=python_distutils
   dh_installmime -O--buildsystem=python_distutils
   dh_installmodules -O--buildsystem=python_distutils
   dh_installlogcheck -O--buildsystem=python_distutils
   dh_installlogrotate -O--buildsystem=python_distutils
   dh_installpam -O--buildsystem=python_distutils
   dh_installppp -O--buildsystem=python_distutils
   dh_installudev -O--buildsystem=python_distutils
   dh_installwm -O--buildsystem=python_distutils
   dh_installxfonts -O--buildsystem=python_distutils
   dh_installgsettings -O--buildsystem=python_distutils
   dh_bugfiles -O--buildsystem=python_distutils
   dh_ucf -O--buildsystem=python_distutils
   dh_lintian -O--buildsystem=python_distutils
   dh_gconf -O--buildsystem=python_distutils
   dh_icons -O--buildsystem=python_distutils
   dh_perl -O--buildsystem=python_distutils
   dh_python2 -O--buildsystem=python_distutils
   dh_usrlocal -O--buildsystem=python_distutils
   dh_link -O--buildsystem=python_distutils
   dh_compress -O--buildsystem=python_distutils
   dh_fixperms -O--buildsystem=python_distutils
   dh_strip -O--buildsystem=python_distutils
   dh_makeshlibs -O--buildsystem=python_distutils
   dh_shlibdeps -O--buildsystem=python_distutils
   dh_installdeb -O--buildsystem=python_distutils
   dh_gencontrol -O--buildsystem=python_distutils
dpkg-gencontrol: Warnung: Paket cubetimer: unbenutzte Substitutionsvariable ${python:Versions}
   dh_md5sums -O--buildsystem=python_distutils
   dh_builddeb -O--buildsystem=python_distutils
dpkg-deb: Paket »cubetimer« wird in »../cubetimer_1.0.0-1_all.deb« gebaut.
 dpkg-genchanges -b >../cubetimer_1.0.0-1_amd64.changes
dpkg-genchanges: rein binärer Upload - es ist kein Quellcode hinzugefügt
 dpkg-source --after-build cubetimer-1.0.0
dpkg-buildpackage: Binärpaket(e) hochzuladen (keine Quellen enthalten)
